<?xml version="1.0" encoding="UTF-8"?>
<!-- Generated by org.testng.reporters.JUnitReportReporter -->
<testsuite hostname="nada-elsamahy" failures="0" tests="1" name="test.SearchProductTest" time="5.938" errors="0" timestamp="2021-05-10T04:38:04 EET" skipped="0">
  <testcase classname="test.SearchProductTest" name="userCanSearchForProducts" time="5.938"/>
  <system-out/>
</testsuite> <!-- test.SearchProductTest -->
