<?xml version="1.0" encoding="UTF-8"?>
<!-- Generated by org.testng.reporters.JUnitReportReporter -->
<testsuite hostname="nada-elsamahy" failures="0" tests="4" name="test.AddProductReviewTest" time="14.126" errors="0" timestamp="2021-06-06T03:34:22 EET" skipped="0">
  <testcase classname="test.AddProductReviewTest" name="UserCanRegisterSuccssfully" time="4.147"/>
  <system-out/>
  <testcase classname="test.AddProductReviewTest" name="userCanSearchWithAutoSuggest" time="6.236"/>
  <system-out/>
  <testcase classname="test.AddProductReviewTest" name="RegisteredUserCanReviewProduct" time="2.843"/>
  <system-out/>
  <testcase classname="test.AddProductReviewTest" name="RegisteredUserCanLogout" time="0.900"/>
  <system-out/>
</testsuite> <!-- test.AddProductReviewTest -->
