<?xml version="1.0" encoding="UTF-8"?>
<!-- Generated by org.testng.reporters.JUnitReportReporter -->
<testsuite hostname="nada-elsamahy" failures="0" tests="4" name="test.EmailFriendTest" time="15.955" errors="0" timestamp="2021-06-06T03:18:12 EET" skipped="0">
  <testcase classname="test.EmailFriendTest" name="UserCanRegisterSuccssfully" time="4.953"/>
  <system-out/>
  <testcase classname="test.EmailFriendTest" name="userCanSearchWithAutoSuggest" time="5.284"/>
  <system-out/>
  <testcase classname="test.EmailFriendTest" name="RegisteredUserCanSendProductToFriend" time="3.467"/>
  <system-out/>
  <testcase classname="test.EmailFriendTest" name="RegisteredUserCanLogout" time="2.251"/>
  <system-out/>
</testsuite> <!-- test.EmailFriendTest -->
