<?xml version="1.0" encoding="UTF-8"?>
<!-- Generated by org.testng.reporters.JUnitReportReporter -->
<testsuite hostname="nada-elsamahy" failures="0" tests="3" name="test.UserRegisterationTest" time="10.883" errors="0" timestamp="2021-06-02T00:24:25 EET" skipped="0">
  <testcase classname="test.UserRegisterationTest" name="RegisteredUserCanLogout" time="2.439"/>
  <system-out/>
  <testcase classname="test.UserRegisterationTest" name="RegisteredUserCanLogin" time="3.452"/>
  <system-out/>
  <testcase classname="test.UserRegisterationTest" name="UserCanRegisterSuccssfully" time="4.992"/>
  <system-out/>
</testsuite> <!-- test.UserRegisterationTest -->
