<?xml version="1.0" encoding="UTF-8"?>
<!-- Generated by org.testng.reporters.JUnitReportReporter -->
<testsuite hostname="nada-elsamahy" failures="0" tests="1" name="test.SearchProductTest" time="7.554" errors="0" timestamp="2021-06-05T05:38:31 EET" skipped="0">
  <testcase classname="test.SearchProductTest" name="userCanSearchForProducts" time="7.554"/>
  <system-out/>
</testsuite> <!-- test.SearchProductTest -->
