<?xml version="1.0" encoding="UTF-8"?>
<!-- Generated by org.testng.reporters.JUnitReportReporter -->
<testsuite hostname="nada-elsamahy" failures="0" tests="3" name="test.UserRegisterationTest" time="6.823" errors="0" timestamp="2021-05-29T16:16:13 EET" skipped="0">
  <testcase classname="test.UserRegisterationTest" name="RegisteredUserCanLogin" time="1.532"/>
  <system-out/>
  <testcase classname="test.UserRegisterationTest" name="UserCanLogOutSuccssfully" time="3.433"/>
  <system-out/>
  <testcase classname="test.UserRegisterationTest" name="UserCanRegisterSuccssfully" time="1.858"/>
  <system-out/>
</testsuite> <!-- test.UserRegisterationTest -->
