<?xml version="1.0" encoding="UTF-8"?>
<!-- Generated by org.testng.reporters.JUnitReportReporter -->
<testsuite hostname="nada-elsamahy" failures="0" tests="1" name="test.SearchProductUsingAutoSuggest" time="7.448" errors="0" timestamp="2021-05-10T05:54:21 EET" skipped="0">
  <testcase classname="test.SearchProductUsingAutoSuggest" name="userCanSearchWithAutoSuggest" time="7.448"/>
  <system-out/>
</testsuite> <!-- test.SearchProductUsingAutoSuggest -->
