<?xml version="1.0" encoding="UTF-8"?>
<!-- Generated by org.testng.reporters.JUnitReportReporter -->
<testsuite hostname="nada-elsamahy" failures="0" tests="2" name="test.ChangeCurrencyTest" time="7.928" errors="0" timestamp="2021-06-02T02:10:49 EET" skipped="0">
  <testcase classname="test.ChangeCurrencyTest" name="UserCanChangeCurrency" time="2.715"/>
  <system-out/>
  <testcase classname="test.ChangeCurrencyTest" name="userCanSearchWithAutoSuggest" time="5.213"/>
  <system-out/>
</testsuite> <!-- test.ChangeCurrencyTest -->
